0 info it worked if it ends with ok
1 verbose cli [ '/Users/bertswinnen/.nvm/versions/node/v5.4.1/bin/node',
1 verbose cli   '/Users/bertswinnen/.nvm/versions/node/v5.4.1/bin/npm',
1 verbose cli   'start' ]
2 info using npm@3.10.3
3 info using node@v5.4.1
4 verbose run-script [ 'prestart', 'start', 'poststart' ]
5 info lifecycle ida-fronteers@1.0.0~prestart: ida-fronteers@1.0.0
6 silly lifecycle ida-fronteers@1.0.0~prestart: no script for prestart, continuing
7 info lifecycle ida-fronteers@1.0.0~start: ida-fronteers@1.0.0
8 verbose lifecycle ida-fronteers@1.0.0~start: unsafe-perm in lifecycle true
9 verbose lifecycle ida-fronteers@1.0.0~start: PATH: /Users/bertswinnen/.nvm/versions/node/v5.4.1/lib/node_modules/npm/bin/node-gyp-bin:/Users/bertswinnen/Documents/talks/pxl-react-seminar/course/node_modules/.bin:/Users/bertswinnen/.nvm/versions/node/v5.4.1/bin:/Users/bertswinnen/.jenv/shims:/Users/bertswinnen/.nvm/versions/node/v5.4.1/bin:/Users/bertswinnen/.gvm/vertx/current/bin:/Users/bertswinnen/.gvm/springboot/current/bin:/Users/bertswinnen/.gvm/lazybones/current/bin:/Users/bertswinnen/.gvm/jbake/current/bin:/Users/bertswinnen/.gvm/groovyserv/current/bin:/Users/bertswinnen/.gvm/groovy/current/bin:/Users/bertswinnen/.gvm/griffon/current/bin:/Users/bertswinnen/.gvm/grails/current/bin:/Users/bertswinnen/.gvm/gradle/current/bin:/Users/bertswinnen/.gvm/glide/current/bin:/Users/bertswinnen/.gvm/gaiden/current/bin:/Users/bertswinnen/.gvm/crash/current/bin:/usr/bin:/bin:/usr/sbin:/sbin:/usr/local/bin:/usr/local/vlt/bin:/usr/local/git/bin:/usr/local/MacGPG2/bin:/usr/local/bin:/opt/cq-unix-toolkit:/Users/bertswinnen/Documents/tools/gatling/bin:/Users/bertswinnen/Documents/tools/chromedriver
10 verbose lifecycle ida-fronteers@1.0.0~start: CWD: /Users/bertswinnen/Documents/talks/pxl-react-seminar/course
11 silly lifecycle ida-fronteers@1.0.0~start: Args: [ '-c', 'node server.js' ]
12 silly lifecycle ida-fronteers@1.0.0~start: Returned: code: 1  signal: null
13 info lifecycle ida-fronteers@1.0.0~start: Failed to exec start script
14 verbose stack Error: ida-fronteers@1.0.0 start: `node server.js`
14 verbose stack Exit status 1
14 verbose stack     at EventEmitter.<anonymous> (/Users/bertswinnen/.nvm/versions/node/v5.4.1/lib/node_modules/npm/lib/utils/lifecycle.js:242:16)
14 verbose stack     at emitTwo (events.js:87:13)
14 verbose stack     at EventEmitter.emit (events.js:172:7)
14 verbose stack     at ChildProcess.<anonymous> (/Users/bertswinnen/.nvm/versions/node/v5.4.1/lib/node_modules/npm/lib/utils/spawn.js:40:14)
14 verbose stack     at emitTwo (events.js:87:13)
14 verbose stack     at ChildProcess.emit (events.js:172:7)
14 verbose stack     at maybeClose (internal/child_process.js:821:16)
14 verbose stack     at Process.ChildProcess._handle.onexit (internal/child_process.js:211:5)
15 verbose pkgid ida-fronteers@1.0.0
16 verbose cwd /Users/bertswinnen/Documents/talks/pxl-react-seminar/course
17 error Darwin 16.0.0
18 error argv "/Users/bertswinnen/.nvm/versions/node/v5.4.1/bin/node" "/Users/bertswinnen/.nvm/versions/node/v5.4.1/bin/npm" "start"
19 error node v5.4.1
20 error npm  v3.10.3
21 error code ELIFECYCLE
22 error ida-fronteers@1.0.0 start: `node server.js`
22 error Exit status 1
23 error Failed at the ida-fronteers@1.0.0 start script 'node server.js'.
23 error Make sure you have the latest version of node.js and npm installed.
23 error If you do, this is most likely a problem with the ida-fronteers package,
23 error not with npm itself.
23 error Tell the author that this fails on your system:
23 error     node server.js
23 error You can get information on how to open an issue for this project with:
23 error     npm bugs ida-fronteers
23 error Or if that isn't available, you can get their info via:
23 error     npm owner ls ida-fronteers
23 error There is likely additional logging output above.
24 verbose exit [ 1, true ]
